192
6
5
5
197
192
6
221
197
192
140
3
11
197
192
3
6
45
91
33
192
4
33
5
197
192
6
6
91
33
6
252
5
3
197
192
192
6
33
5
3
197
192
192
192
6
33
5
3
197
192
192
192
6
192
243
125
125
125
125
125
91
268
45
45
5
197
192
3
3
6
91
5
197
192
192
6
5
5
197
192
6
221
197
192
140
3
197
192
3
6
91
4
6
91
6
252
11
45
33
192
33
5
197
192
6
33
5
3
197
192
192
6
33
5
3
197
192
192
192
6
33
5
3
197
192
192
192
6
192
243
125
125
125
125
125
91
268
45
45
5
197
192
3
3
6
91
5
197
192
192
6
5
5
197
192
6
221
197
192
140
11
3
197
45
33
192
33
5
192
197
3
192
6
6
33
5
91
3
197
192
192
6
33
4
5
3
6
91
197
192
192
6
192
252
6
33
5
3
197
192
192
192
6
192
243
125
125
125
125
125
91
268
45
45
5
197
192
3
3
6
91
5
197
192
192
6
5
5
197
192
6
221
197
192
140
3
197
192
3
6
91
4
6
91
6
252
11
45
33
192
33
5
197
192
6
33
5
3
197
192
192
6
33
5
3
197
192
192
192
6
33
5
3
197
192
192
192
6
192
243
125
125
125
125
125
91
268
45
45
5
197
192
3
3
6
91
5
197
192
192
6
5
5
197
192
6
221
197
192
140
3
197
192
3
6
91
4
6
91
6
252
11
45
33
192
33
5
197
192
6
33
5
3
197
192
192
6
33
5
3
197
192
192
192
6
33
5
3
197
192
192
192
6
192
243
125
125
125
125
125
91
268
45
45
5
197
192
3
3
6
91
5
197
192
192
6
5
5
197
192
6
221
197
192
140
3
197
192
3
6
91
4
6
91
6
252
11
45
33
192
33
5
197
192
6
33
5
3
197
192
192
6
33
5
3
197
192
192
192
6
33
5
3
197
192
192
192
6
192
243
125
125
125
125
125
91
268
45
45
5
197
192
3
3
6
91
5
197
192
192
6
5
5
197
192
6
221
197
192
140
3
197
192
3
6
91
4
6
91
6
252
11
45
33
192
33
5
197
192
6
33
5
3
197
192
192
6
33
5
3
197
192
192
192
6
33
5
3
197
192
192
192
6
192
243
125
125
125
125
125
91
268
45
45
5
197
192
3
3
6
91
5
221
197
192
140
