11
45
221
221
221
33
33
192
33
5
197
192
6
33
5
3
197
192
192
6
33
5
3
197
192
192
6
33
5
3
197
192
192
192
192
6
33
5
3
197
192
192
6
192
243
125
125
125
125
125
125
91
45
45
5
197
192
192
6
201
174
174
174
191
75
221
221
221
5
197
192
3
3
6
91
5
197
192
6
33
5
3
197
192
192
6
33
5
3
197
192
192
192
6
125
125
91
5
197
192
6
33
5
3
197
192
192
6
33
5
3
197
192
192
6
125
125
91
5
221
5
197
192
3
3
6
91
5
102
102
102
13
102
102
102
102
102
102
102
6
5
197
197
192
3
140
3
6
91
122
54
197
85
195
199
102
102
6
102
102
6
5
140
197
192
140
91
6
205
205
204
203
183
203
213
204
196
204
203
5
197
192
3
140
221
203
213
204
54
3
3
5
221
141
195
141
6
196
204
203
5
197
192
3
140
221
203
213
204
54
3
3
3
54
6
91
3
54
5
140
197
192
140
