240
240
78
265
78
265
240
240
78
265
78
265
240
240
78
265
240
240
78
265
78
265
240
240
78
265
78
265
240
240
78
265
78
265
240
240
78
265
78
265
240
240
78
265
78
265
240
240
78
265
78
265
240
240
240
78
265
240
78
265
78
265
240
240
78
265
78
265
240
240
78
265
78
265
240
240
78
240
240
78
265
265
78
265
240
240
78
265
78
265
240
240
78
265
78
265
240
240
78
265
78
265
240
240
78
265
78
265
240
240
78
265
78
265
240
240
78
265
78
265
240
240
3
197
54
240
240
78
265
78
265
78
265
240
240
78
265
78
265
7
3
240
78
78
240
78
240
3
240
240
6
78
240
240
6
78
6
78
125
125
265
240
125
240
240
173
78
78
78
78
78
265
78
125
240
78
78
240
240
78
240
240
240
78
265
240
192
192
120
311
120
242
240
242
224
175
175
175
78
240
240
240
240
265
240
240
240
78
240
240
240
175
78
242
242
219
240
242
1
242
265
242
242
192
125
240
42
240
42
42
78
265
78
265
42
190
6
6
6
6
240
240
78
63
265
6
78
63
265
6
63
6
63
6
6
6
5
240
240
78
265
78
265
220
6
240
240
6
6
78
6
265
6
78
6
265
6
6
6
6
6
6
6
240
240
78
265
78
265
6
6
6
6
6
6
6
6
6
6
6
6
240
6
240
6
78
265
78
265
6
240
240
6
78
265
6
240
240
78
6
265
78
265
240
240
78
265
78
265
6
6
6
6
6
6
6
6
6
6
6
6
6
6
6
6
6
6
6
6
6
6
6
6
6
6
6
6
6
6
6
6
6
6
6
6
6
6
6
6
6
220
6
221
190
6
3
6
6
6
6
240
240
240
240
240
240
240
78
265
78
265
240
240
78
265
240
240
78
265
78
265
240
240
240
78
265
240
78
265
78
265
240
240
78
265
78
265
240
240
78
265
78
265
240
240
240
78
265
240
78
265
78
265
240
240
78
265
78
265
240
240
78
265
78
265
240
240
78
265
240
240
78
265
78
265
240
240
78
265
78
265
240
240
78
265
78
265
240
240
78
265
78
265
240
240
78
265
78
265
240
78
265
78
240
240
78
265
265
240
78
265
78
265
240
240
78
265
78
265
240
240
78
265
78
265
240
240
240
78
240
265
78
265
78
265
240
240
78
265
240
240
78
78
265
265
240
78
265
78
265
240
78
240
265
240
78
265
78
265
240
240
78
265
78
265
240
240
78
265
78
265
240
78
265
78
265
240
240
78
265
240
240
78
265
78
265
240
240
78
265
78
265
240
240
78
265
78
265
240
240
78
265
78
265
240
240
78
265
78
265
240
240
78
265
78
265
240
240
78
265
240
240
78
265
78
265
240
240
78
265
78
265
240
78
265
78
265
240
240
78
265
78
265
240
240
78
265
240
240
78
265
78
265
240
78
265
78
265
240
78
265
78
265
240
240
240
78
265
78
265
78
265
3
240
240
78
265
78
265
197
54
7
78
78
78
240
240
3
3
240
240
78
6
78
125
240
125
6
240
125
240
240
240
240
240
240
78
78
78
78
78
78
265
125
78
78
240
240
78
240
78
265
240
240
240
240
6
78
78
78
78
78
78
140
3
140
3
78
78
78
78
78
78
78
78
78
78
78
78
78
78
78
78
78
78
78
78
78
78
78
78
78
78
78
78
78
78
78
78
120
120
311
240
242
242
240
224
240
175
240
175
240
175
78
240
265
240
240
240
240
240
78
242
242
242
242
192
125
240
192
175
242
242
219
1
42
42
42
42
190
6
6
6
6
63
6
63
6
63
6
63
6
6
6
5
220
6
6
240
240
78
265
78
265
6
6
6
6
6
6
6
6
6
6
6
240
6
6
240
240
78
6
265
6
6
78
240
78
6
265
265
6
6
6
240
240
6
78
6
6
265
6
78
265
240
78
265
78
265
6
6
6
6
6
6
6
240
240
240
78
265
78
240
6
265
78
240
240
240
240
240
240
240
240
78
78
265
78
78
6
240
265
78
265
6
78
6
6
6
6
6
6
6
6
6
6
6
6
6
6
6
6
6
6
6
6
6
6
6
6
6
6
6
6
6
6
6
6
6
6
6
6
220
6
221
265
240
78
265
190
6
3
78
265
240
78
265
78
6
240
240
78
265
265
6
6
6
240
240
240
240
240
78
265
240
78
265
240
240
78
265
240
78
265
78
265
240
240
78
265
78
265
240
78
265
78
265
240
78
265
78
240
240
78
265
265
240
78
265
78
265
240
78
265
78
265
240
240
78
265
78
265
240
78
265
78
265
240
240
78
265
78
265
240
240
240
240
78
265
78
265
78
265
240
240
78
265
78
265
240
78
265
78
265
240
240
78
265
240
240
78
240
265
240
240
240
78
265
78
265
78
265
240
240
78
265
78
265
240
240
240
78
265
240
78
265
78
265
240
240
78
265
78
265
240
240
78
265
78
265
240
240
78
265
78
265
240
240
240
78
265
240
78
265
78
265
240
240
78
265
78
265
240
240
78
265
240
240
78
265
78
265
240
78
265
78
265
240
