195
5
195
5
197
192
6
33
5
3
197
192
192
6
5
5
5
33
5
3
197
192
192
192
6
192
192
243
125
125
125
125
91
45
45
5
197
192
192
6
5
197
192
6
54
5
197
192
3
3
6
91
5
5
5
197
192
6
54
3
197
192
3
4
6
91
6
252
11
45
33
192
33
5
195
5
195
5
195
5
195
5
195
5
195
5
195
5
195
5
195
5
195
5
195
5
195
5
195
5
195
5
195
5
195
5
195
5
195
5
195
5
195
5
195
5
195
5
195
5
195
5
195
5
195
5
195
5
195
5
195
5
195
5
195
5
195
5
195
5
195
5
195
5
195
5
195
5
195
5
195
5
195
5
195
5
195
5
195
5
195
5
195
5
195
5
195
5
195
5
197
192
6
33
5
3
197
192
192
6
5
5
5
33
5
3
197
192
192
192
6
192
192
243
125
125
125
125
91
45
45
5
197
192
192
6
5
197
192
6
54
5
197
192
3
3
6
91
5
5
5
197
192
6
54
3
197
192
3
4
6
91
6
252
11
45
33
192
33
5
195
5
195
5
195
5
195
5
195
5
195
5
195
5
195
5
195
5
195
5
195
5
195
5
195
5
195
5
195
5
195
5
195
5
195
5
195
