311
78
78
195
195
195
195
195
195
195
195
195
195
195
195
195
78
78
78
78
78
78
78
78
78
78
78
78
78
78
78
78
78
78
78
78
78
78
78
78
78
78
78
78
195
195
195
195
195
195
195
195
195
195
195
195
195
78
78
78
78
78
78
78
78
78
78
78
78
78
78
78
78
78
78
78
78
78
78
78
78
78
78
78
78
78
78
78
78
311
78
78
195
195
195
195
195
195
195
195
195
195
33
195
311
78
311
311
240
240
174
174
174
174
174
6
6
6
5
220
221
221
221
221
221
221
221
221
221
221
221
221
221
221
221
221
221
221
221
221
221
221
221
221
221
221
221
221
221
221
221
221
221
221
221
221
220
6
63
6
63
6
195
78
240
78
240
240
195
240
240
78
240
240
78
240
78
78
5
197
78
240
78
240
240
78
240
240
78
240
240
78
240
240
78
240
240
78
78
240
240
240
240
3
6
240
78
78
240
78
240
78
240
240
265
240
78
265
240
240
78
240
240
78
240
78
240
240
78
78
240
