114
114
252
11
45
33
192
33
5
195
5
195
5
195
5
195
5
195
5
195
5
195
5
195
5
195
5
195
5
195
5
195
5
195
5
195
5
195
5
195
5
195
5
195
5
195
5
195
5
195
5
195
5
195
5
195
5
195
5
195
5
195
5
195
5
195
5
195
5
195
5
195
5
195
5
195
5
195
5
195
5
195
5
195
5
195
5
195
5
195
5
195
5
195
5
195
5
195
5
195
5
195
5
195
5
197
192
6
33
5
3
197
192
192
192
6
192
243
125
125
125
91
20
174
201
45
45
64
195
195
174
174
174
174
174
174
195
195
195
195
195
195
42
120
120
6
195
6
63
6
195
195
195
195
195
195
195
120
63
6
120
6
6
114
11
45
33
192
33
5
197
192
6
33
5
3
197
192
192
192
6
192
243
125
125
125
91
20
174
201
45
45
64
183
174
174
174
174
174
174
120
120
114
252
11
45
33
192
33
5
195
5
195
5
195
5
195
5
195
5
195
5
195
5
195
5
195
5
195
5
195
5
195
5
195
5
195
5
195
5
195
5
195
5
195
5
195
5
195
5
195
5
195
5
195
5
195
5
195
5
195
5
195
5
195
5
195
5
195
5
195
5
195
5
195
5
195
5
195
5
195
5
195
5
195
5
195
5
195
5
195
5
195
5
195
5
195
5
195
5
195
5
195
5
195
5
197
192
6
33
5
3
197
192
192
192
6
192
243
125
125
125
91
20
174
201
45
45
64
195
195
174
174
174
174
174
174
195
195
195
195
195
195
42
120
6
63
6
120
6
195
195
195
195
195
195
195
195
120
120
63
6
6
6
