142
175
175
3
4
142
175
175
3
4
142
175
175
3
142
175
175
4
54
142
175
175
3
142
175
175
4
142
142
175
175
3
142
175
175
4
54
142
175
175
3
142
175
175
4
142
175
175
3
142
175
175
4
54
142
175
175
3
142
175
175
4
142
175
175
3
142
175
175
4
142
175
175
3
142
175
175
4
142
175
175
3
142
175
175
4
142
175
175
3
142
175
175
4
142
175
175
3
142
175
175
4
142
175
175
3
142
175
175
4
54
142
175
175
3
142
175
175
4
142
175
175
3
142
175
175
4
54
142
175
175
3
142
175
175
4
142
175
175
3
142
175
175
4
54
142
175
175
3
142
175
175
4
142
175
175
3
142
175
175
4
54
142
175
175
3
142
175
175
4
142
175
175
3
142
175
175
4
54
142
175
175
3
142
175
175
4
142
175
175
3
142
175
175
4
142
175
175
3
142
175
175
4
142
